<?xml version="1.0" encoding="UTF-8"?>
<testExecutions version="1">
  <file path="D:\Cursos\node05\test\unit\user.controller.spec.ts">
    <testCase name="user.controller list" duration="8"/>
    <testCase name="user.controller listOne" duration="2"/>
    <testCase name="user.controller insert" duration="1"/>
  </file>
  <file path="D:\Cursos\node05\test\unit\user.usecase.spec.ts">
    <testCase name="user.usecase.ts list" duration="8"/>
    <testCase name="user.usecase.ts insertCipher" duration="2"/>
  </file>
</testExecutions>